android/app/build/intermediates/manifest_merge_blame_file/debug/manifest-merger-blame-debug-report.txt
1<?xml version="1.0" encoding="utf-8"?>
2<manifest xmlns:android="http://schemas.android.com/apk/res/android"
3    package="com.ecofiltro"
4    android:versionCode="1"
5    android:versionName="1.0" >
6
7    <uses-sdk
8        android:minSdkVersion="21"
9        android:targetSdkVersion="28" />
10
11    <uses-permission android:name="android.permission.SYSTEM_ALERT_WINDOW" />
11-->src/main/AndroidManifest.xml:3:3-75
11-->src/main/AndroidManifest.xml:3:20-73
12    <uses-permission android:name="android.permission.INTERNET" /> <!-- OPTIONAL PERMISSIONS, REMOVE WHATEVER YOU DO NOT NEED -->
12-->src/main/AndroidManifest.xml:2:3-64
12-->src/main/AndroidManifest.xml:2:20-62
13    <uses-permission android:name="android.permission.MANAGE_DOCUMENTS" />
13-->src/main/AndroidManifest.xml:5:3-72
13-->src/main/AndroidManifest.xml:5:20-70
14    <uses-permission android:name="android.permission.READ_INTERNAL_STORAGE" />
14-->src/main/AndroidManifest.xml:6:3-77
14-->src/main/AndroidManifest.xml:6:20-75
15    <uses-permission android:name="android.permission.READ_PHONE_STATE" />
15-->src/main/AndroidManifest.xml:7:3-72
15-->src/main/AndroidManifest.xml:7:20-70
16    <uses-permission android:name="android.permission.USE_FINGERPRINT" />
16-->src/main/AndroidManifest.xml:8:3-71
16-->src/main/AndroidManifest.xml:8:20-69
17    <uses-permission android:name="android.permission.VIBRATE" />
17-->src/main/AndroidManifest.xml:9:3-63
17-->src/main/AndroidManifest.xml:9:20-61
18    <uses-permission android:name="android.permission.MODIFY_AUDIO_SETTINGS" /> <!-- These require runtime permissions on M -->
18-->src/main/AndroidManifest.xml:10:3-77
18-->src/main/AndroidManifest.xml:10:20-75
19    <uses-permission android:name="android.permission.ACCESS_COARSE_LOCATION" />
19-->src/main/AndroidManifest.xml:12:3-78
19-->src/main/AndroidManifest.xml:12:20-76
20    <uses-permission android:name="android.permission.ACCESS_FINE_LOCATION" />
20-->src/main/AndroidManifest.xml:13:3-76
20-->src/main/AndroidManifest.xml:13:20-74
21    <uses-permission android:name="android.permission.CAMERA" />
21-->src/main/AndroidManifest.xml:14:3-62
21-->src/main/AndroidManifest.xml:14:20-60
22    <uses-permission android:name="android.permission.READ_CONTACTS" />
22-->src/main/AndroidManifest.xml:15:3-69
22-->src/main/AndroidManifest.xml:15:20-67
23    <uses-permission android:name="android.permission.READ_CALENDAR" />
23-->src/main/AndroidManifest.xml:16:3-69
23-->src/main/AndroidManifest.xml:16:20-67
24    <uses-permission android:name="android.permission.WRITE_CALENDAR" />
24-->src/main/AndroidManifest.xml:17:3-70
24-->src/main/AndroidManifest.xml:17:20-68
25    <uses-permission android:name="android.permission.READ_EXTERNAL_STORAGE" />
25-->src/main/AndroidManifest.xml:18:3-77
25-->src/main/AndroidManifest.xml:18:20-75
26    <uses-permission android:name="android.permission.RECORD_AUDIO" />
26-->src/main/AndroidManifest.xml:19:3-68
26-->src/main/AndroidManifest.xml:19:20-66
27    <uses-permission android:name="android.permission.WRITE_EXTERNAL_STORAGE" />
27-->src/main/AndroidManifest.xml:20:3-78
27-->src/main/AndroidManifest.xml:20:20-76
28    <uses-permission android:name="android.permission.WRITE_SETTINGS" />
28-->src/main/AndroidManifest.xml:21:3-70
28-->src/main/AndroidManifest.xml:21:20-68
29    <uses-permission android:name="android.permission.ACCESS_WIFI_STATE" />
29-->[com.facebook.flipper:flipper:0.33.1] AndroidManifest.xml:16:5-76
29-->[com.facebook.flipper:flipper:0.33.1] AndroidManifest.xml:16:22-73
30    <uses-permission android:name="android.permission.ACCESS_NETWORK_STATE" />
30-->[:expo-updates] AndroidManifest.xml:11:5-79
30-->[:expo-updates] AndroidManifest.xml:11:22-76
31    <uses-permission android:name="android.permission.STORAGE" />
31-->[:expo-file-system] AndroidManifest.xml:15:5-66
31-->[:expo-file-system] AndroidManifest.xml:15:22-63
32    <uses-permission android:name="android.permission.FOREGROUND_SERVICE" />
32-->[:expo-location] AndroidManifest.xml:13:5-77
32-->[:expo-location] AndroidManifest.xml:13:22-74
33
34    <uses-feature
34-->[com.google.android.gms:play-services-maps:17.0.0] AndroidManifest.xml:26:5-28:35
35        android:glEsVersion="0x00020000"
35-->[com.google.android.gms:play-services-maps:17.0.0] AndroidManifest.xml:27:9-41
36        android:required="true" />
36-->[com.google.android.gms:play-services-maps:17.0.0] AndroidManifest.xml:28:9-32
37
38    <uses-permission android:name="com.google.android.providers.gsf.permission.READ_GSERVICES" />
38-->[io.nlopez.smartlocation:library:3.2.11] AndroidManifest.xml:15:5-98
38-->[io.nlopez.smartlocation:library:3.2.11] AndroidManifest.xml:15:22-95
39    <uses-permission android:name="com.google.android.gms.permission.ACTIVITY_RECOGNITION" />
39-->[io.nlopez.smartlocation:library:3.2.11] AndroidManifest.xml:16:5-94
39-->[io.nlopez.smartlocation:library:3.2.11] AndroidManifest.xml:16:22-91
40
41    <application
41-->src/main/AndroidManifest.xml:23:3-49:17
42        android:name="com.ecofiltro.MainApplication"
42-->src/main/AndroidManifest.xml:24:5-36
43        android:allowBackup="false"
43-->src/main/AndroidManifest.xml:28:5-32
44        android:appComponentFactory="androidx.core.app.CoreComponentFactory"
44-->[androidx.core:core:1.1.0] AndroidManifest.xml:24:18-86
45        android:debuggable="true"
46        android:icon="@mipmap/ic_launcher"
46-->src/main/AndroidManifest.xml:26:5-39
47        android:label="@string/app_name"
47-->src/main/AndroidManifest.xml:25:5-37
48        android:roundIcon="@mipmap/ic_launcher_round"
48-->src/main/AndroidManifest.xml:27:5-50
49        android:theme="@style/AppTheme"
49-->src/main/AndroidManifest.xml:29:5-36
50        android:usesCleartextTraffic="true" >
50-->src/debug/AndroidManifest.xml:6:18-53
51        <meta-data
51-->src/main/AndroidManifest.xml:31:5-103
52            android:name="expo.modules.updates.EXPO_UPDATE_URL"
52-->src/main/AndroidManifest.xml:31:16-67
53            android:value="YOUR-APP-URL-HERE" />
53-->src/main/AndroidManifest.xml:31:68-101
54        <meta-data
54-->src/main/AndroidManifest.xml:32:5-112
55            android:name="expo.modules.updates.EXPO_SDK_VERSION"
55-->src/main/AndroidManifest.xml:32:16-68
56            android:value="YOUR-APP-SDK-VERSION-HERE" />
56-->src/main/AndroidManifest.xml:32:69-110
57        <meta-data
57-->src/main/AndroidManifest.xml:33:5-34:64
58            android:name="com.google.android.geo.API_KEY"
58-->src/main/AndroidManifest.xml:33:16-61
59            android:value="AIzaSyAs3rWhN5xF8UCHu6gSHZC4wSBdWwSJWTA" />
59-->src/main/AndroidManifest.xml:34:7-62
60
61        <activity
61-->src/main/AndroidManifest.xml:35:5-47:16
62            android:name="com.ecofiltro.MainActivity"
62-->src/main/AndroidManifest.xml:36:7-35
63            android:configChanges="keyboard|keyboardHidden|orientation|screenSize|uiMode"
63-->src/main/AndroidManifest.xml:38:7-84
64            android:label="@string/app_name"
64-->src/main/AndroidManifest.xml:37:7-39
65            android:launchMode="singleTask"
65-->src/main/AndroidManifest.xml:39:7-38
66            android:theme="@style/Theme.App.SplashScreen"
66-->src/main/AndroidManifest.xml:41:7-52
67            android:windowSoftInputMode="adjustResize" >
67-->src/main/AndroidManifest.xml:40:7-49
68            <intent-filter>
68-->src/main/AndroidManifest.xml:43:7-46:23
69                <action android:name="android.intent.action.MAIN" />
69-->src/main/AndroidManifest.xml:44:9-60
69-->src/main/AndroidManifest.xml:44:17-58
70
71                <category android:name="android.intent.category.LAUNCHER" />
71-->src/main/AndroidManifest.xml:45:9-68
71-->src/main/AndroidManifest.xml:45:19-66
72            </intent-filter>
73        </activity>
74        <activity android:name="com.facebook.react.devsupport.DevSettingsActivity" />
74-->src/main/AndroidManifest.xml:48:5-81
74-->src/main/AndroidManifest.xml:48:15-79
75
76        <meta-data
76-->[:unimodules-react-native-adapter] AndroidManifest.xml:12:9-14:91
77            android:name="org.unimodules.core.AppLoader#react-native-headless"
77-->[:unimodules-react-native-adapter] AndroidManifest.xml:13:13-79
78            android:value="org.unimodules.adapters.react.apploader.RNHeadlessAppLoader" />
78-->[:unimodules-react-native-adapter] AndroidManifest.xml:14:13-88
79
80        <provider
80-->[:expo-file-system] AndroidManifest.xml:18:9-27:20
81            android:name="expo.modules.filesystem.FileSystemFileProvider"
81-->[:expo-file-system] AndroidManifest.xml:19:13-74
82            android:authorities="com.ecofiltro.FileSystemFileProvider"
82-->[:expo-file-system] AndroidManifest.xml:20:13-74
83            android:exported="false"
83-->[:expo-file-system] AndroidManifest.xml:21:13-37
84            android:grantUriPermissions="true" >
84-->[:expo-file-system] AndroidManifest.xml:22:13-47
85            <meta-data
85-->[:expo-file-system] AndroidManifest.xml:24:13-26:70
86                android:name="android.support.FILE_PROVIDER_PATHS"
86-->[:expo-file-system] AndroidManifest.xml:25:17-67
87                android:resource="@xml/file_system_provider_paths" />
87-->[:expo-file-system] AndroidManifest.xml:26:17-67
88        </provider>
89
90        <service
90-->[:expo-location] AndroidManifest.xml:16:9-18:40
91            android:name="expo.modules.location.services.LocationTaskService"
91-->[:expo-location] AndroidManifest.xml:17:13-78
92            android:exported="false" /> <!-- Needs to be explicitly declared on P+ -->
92-->[:expo-location] AndroidManifest.xml:18:13-37
93        <uses-library
93-->[com.google.android.gms:play-services-maps:17.0.0] AndroidManifest.xml:33:9-35:40
94            android:name="org.apache.http.legacy"
94-->[com.google.android.gms:play-services-maps:17.0.0] AndroidManifest.xml:34:13-50
95            android:required="false" />
95-->[com.google.android.gms:play-services-maps:17.0.0] AndroidManifest.xml:35:13-37
96
97        <activity
97-->[com.google.android.gms:play-services-base:17.0.0] AndroidManifest.xml:23:9-26:75
98            android:name="com.google.android.gms.common.api.GoogleApiActivity"
98-->[com.google.android.gms:play-services-base:17.0.0] AndroidManifest.xml:24:13-79
99            android:exported="false"
99-->[com.google.android.gms:play-services-base:17.0.0] AndroidManifest.xml:25:13-37
100            android:theme="@android:style/Theme.Translucent.NoTitleBar" />
100-->[com.google.android.gms:play-services-base:17.0.0] AndroidManifest.xml:26:13-72
101
102        <meta-data
102-->[com.google.android.gms:play-services-basement:17.0.0] AndroidManifest.xml:23:9-25:69
103            android:name="com.google.android.gms.version"
103-->[com.google.android.gms:play-services-basement:17.0.0] AndroidManifest.xml:24:13-58
104            android:value="@integer/google_play_services_version" />
104-->[com.google.android.gms:play-services-basement:17.0.0] AndroidManifest.xml:25:13-66
105
106        <service
106-->[androidx.room:room-runtime:2.1.0] AndroidManifest.xml:25:9-27:40
107            android:name="androidx.room.MultiInstanceInvalidationService"
107-->[androidx.room:room-runtime:2.1.0] AndroidManifest.xml:26:13-74
108            android:exported="false" />
108-->[androidx.room:room-runtime:2.1.0] AndroidManifest.xml:27:13-37
109        <service
109-->[io.nlopez.smartlocation:library:3.2.11] AndroidManifest.xml:19:9-21:40
110            android:name="io.nlopez.smartlocation.activity.providers.ActivityGooglePlayServicesProvider$ActivityRecognitionService"
110-->[io.nlopez.smartlocation:library:3.2.11] AndroidManifest.xml:20:13-132
111            android:exported="false" />
111-->[io.nlopez.smartlocation:library:3.2.11] AndroidManifest.xml:21:13-37
112        <service
112-->[io.nlopez.smartlocation:library:3.2.11] AndroidManifest.xml:22:9-24:40
113            android:name="io.nlopez.smartlocation.geofencing.providers.GeofencingGooglePlayServicesProvider$GeofencingService"
113-->[io.nlopez.smartlocation:library:3.2.11] AndroidManifest.xml:23:13-127
114            android:exported="false" />
114-->[io.nlopez.smartlocation:library:3.2.11] AndroidManifest.xml:24:13-37
115        <service
115-->[io.nlopez.smartlocation:library:3.2.11] AndroidManifest.xml:25:9-27:40
116            android:name="io.nlopez.smartlocation.geocoding.providers.AndroidGeocodingProvider$AndroidGeocodingService"
116-->[io.nlopez.smartlocation:library:3.2.11] AndroidManifest.xml:26:13-120
117            android:exported="false" />
117-->[io.nlopez.smartlocation:library:3.2.11] AndroidManifest.xml:27:13-37
118    </application>
119
120</manifest>